# JRE version: OpenJDK Runtime Environment (8.0_151-b12) (build 1.8.0_151-8u151-b12-0ubuntu0.16.04.2-b12)
# Java VM: OpenJDK 64-Bit Server VM (25.151-b12 mixed mode linux-amd64 compressed oops)
Heap:
 PSYoungGen      total 228864K, used 226368K [0x00000000f1d00000, 0x0000000100000000, 0x0000000100000000)
  eden space 226304K, 100% used [0x00000000f1d00000,0x00000000ffa00000,0x00000000ffa00000)
  from space 2560K, 2% used [0x00000000ffa00000,0x00000000ffa10000,0x00000000ffc80000)
  to   space 2560K, 1% used [0x00000000ffd80000,0x00000000ffd88000,0x0000000100000000)
 ParOldGen       total 77824K, used 53129K [0x00000000d5600000, 0x00000000da200000, 0x00000000f1d00000)
  object space 77824K, 68% used [0x00000000d5600000,0x00000000d89e26e8,0x00000000da200000)
 Metaspace       used 12020K, capacity 12144K, committed 12288K, reserved 1060864K
  class space    used 1709K, capacity 1744K, committed 1792K, reserved 1048576K
GC Heap History (10 events):
Event: 6.833 GC heap after
Heap after GC invocations=24 (full 1):
 PSYoungGen      total 228352K, used 32K [0x00000000f1d00000, 0x0000000100000000, 0x0000000100000000)
  eden space 225280K, 0% used [0x00000000f1d00000,0x00000000f1d00000,0x00000000ff900000)
  from space 3072K, 1% used [0x00000000ff900000,0x00000000ff908000,0x00000000ffc00000)
  to   space 3072K, 0% used [0x00000000ffd00000,0x00000000ffd00000,0x0000000100000000)
 ParOldGen       total 77824K, used 53129K [0x00000000d5600000, 0x00000000da200000, 0x00000000f1d00000)
  object space 77824K, 68% used [0x00000000d5600000,0x00000000d89e26e8,0x00000000da200000)
 Metaspace       used 12020K, capacity 12144K, committed 12288K, reserved 1060864K
  class space    used 1709K, capacity 1744K, committed 1792K, reserved 1048576K
}
Event: 7.104 GC heap before
{Heap before GC invocations=25 (full 1):
 PSYoungGen      total 228352K, used 225312K [0x00000000f1d00000, 0x0000000100000000, 0x0000000100000000)
  eden space 225280K, 100% used [0x00000000f1d00000,0x00000000ff900000,0x00000000ff900000)
  from space 3072K, 1% used [0x00000000ff900000,0x00000000ff908000,0x00000000ffc00000)
  to   space 3072K, 0% used [0x00000000ffd00000,0x00000000ffd00000,0x0000000100000000)
 ParOldGen       total 77824K, used 53129K [0x00000000d5600000, 0x00000000da200000, 0x00000000f1d00000)
  object space 77824K, 68% used [0x00000000d5600000,0x00000000d89e26e8,0x00000000da200000)
 Metaspace       used 12020K, capacity 12144K, committed 12288K, reserved 1060864K
  class space    used 1709K, capacity 1744K, committed 1792K, reserved 1048576K
Event: 7.106 GC heap after
Heap after GC invocations=25 (full 1):
 PSYoungGen      total 229376K, used 32K [0x00000000f1d00000, 0x0000000100000000, 0x0000000100000000)
  eden space 226304K, 0% used [0x00000000f1d00000,0x00000000f1d00000,0x00000000ffa00000)
  from space 3072K, 1% used [0x00000000ffd00000,0x00000000ffd08000,0x0000000100000000)
  to   space 3072K, 0% used [0x00000000ffa00000,0x00000000ffa00000,0x00000000ffd00000)
 ParOldGen       total 77824K, used 53129K [0x00000000d5600000, 0x00000000da200000, 0x00000000f1d00000)
  object space 77824K, 68% used [0x00000000d5600000,0x00000000d89e26e8,0x00000000da200000)
 Metaspace       used 12020K, capacity 12144K, committed 12288K, reserved 1060864K
  class space    used 1709K, capacity 1744K, committed 1792K, reserved 1048576K
}
Event: 7.397 GC heap before
{Heap before GC invocations=26 (full 1):
 PSYoungGen      total 229376K, used 226336K [0x00000000f1d00000, 0x0000000100000000, 0x0000000100000000)
  eden space 226304K, 100% used [0x00000000f1d00000,0x00000000ffa00000,0x00000000ffa00000)
  from space 3072K, 1% used [0x00000000ffd00000,0x00000000ffd08000,0x0000000100000000)
  to   space 3072K, 0% used [0x00000000ffa00000,0x00000000ffa00000,0x00000000ffd00000)
 ParOldGen       total 77824K, used 53129K [0x00000000d5600000, 0x00000000da200000, 0x00000000f1d00000)
  object space 77824K, 68% used [0x00000000d5600000,0x00000000d89e26e8,0x00000000da200000)
 Metaspace       used 12020K, capacity 12144K, committed 12288K, reserved 1060864K
  class space    used 1709K, capacity 1744K, committed 1792K, reserved 1048576K
Event: 7.446 GC heap after
Heap after GC invocations=26 (full 1):
 PSYoungGen      total 226816K, used 32K [0x00000000f1d00000, 0x00000000fff00000, 0x0000000100000000)
  eden space 226304K, 0% used [0x00000000f1d00000,0x00000000f1d00000,0x00000000ffa00000)
  from space 512K, 6% used [0x00000000ffa00000,0x00000000ffa08000,0x00000000ffa80000)
  to   space 2560K, 0% used [0x00000000ffc80000,0x00000000ffc80000,0x00000000fff00000)
 ParOldGen       total 77824K, used 53129K [0x00000000d5600000, 0x00000000da200000, 0x00000000f1d00000)
  object space 77824K, 68% used [0x00000000d5600000,0x00000000d89e26e8,0x00000000da200000)
 Metaspace       used 12020K, capacity 12144K, committed 12288K, reserved 1060864K
  class space    used 1709K, capacity 1744K, committed 1792K, reserved 1048576K
}
Event: 7.675 GC heap before
{Heap before GC invocations=27 (full 1):
 PSYoungGen      total 226816K, used 226336K [0x00000000f1d00000, 0x00000000fff00000, 0x0000000100000000)
  eden space 226304K, 100% used [0x00000000f1d00000,0x00000000ffa00000,0x00000000ffa00000)
  from space 512K, 6% used [0x00000000ffa00000,0x00000000ffa08000,0x00000000ffa80000)
  to   space 2560K, 0% used [0x00000000ffc80000,0x00000000ffc80000,0x00000000fff00000)
 ParOldGen       total 77824K, used 53129K [0x00000000d5600000, 0x00000000da200000, 0x00000000f1d00000)
  object space 77824K, 68% used [0x00000000d5600000,0x00000000d89e26e8,0x00000000da200000)
 Metaspace       used 12020K, capacity 12144K, committed 12288K, reserved 1060864K
  class space    used 1709K, capacity 1744K, committed 1792K, reserved 1048576K
Event: 7.676 GC heap after
Heap after GC invocations=27 (full 1):
 PSYoungGen      total 228864K, used 64K [0x00000000f1d00000, 0x0000000100000000, 0x0000000100000000)
  eden space 226304K, 0% used [0x00000000f1d00000,0x00000000f1d00000,0x00000000ffa00000)
  from space 2560K, 2% used [0x00000000ffc80000,0x00000000ffc90000,0x00000000fff00000)
  to   space 2560K, 0% used [0x00000000ffa00000,0x00000000ffa00000,0x00000000ffc80000)
 ParOldGen       total 77824K, used 53129K [0x00000000d5600000, 0x00000000da200000, 0x00000000f1d00000)
  object space 77824K, 68% used [0x00000000d5600000,0x00000000d89e26e8,0x00000000da200000)
 Metaspace       used 12020K, capacity 12144K, committed 12288K, reserved 1060864K
  class space    used 1709K, capacity 1744K, committed 1792K, reserved 1048576K
}
Event: 7.907 GC heap before
{Heap before GC invocations=28 (full 1):
 PSYoungGen      total 228864K, used 226367K [0x00000000f1d00000, 0x0000000100000000, 0x0000000100000000)
  eden space 226304K, 99% used [0x00000000f1d00000,0x00000000ff9ffef8,0x00000000ffa00000)
  from space 2560K, 2% used [0x00000000ffc80000,0x00000000ffc90000,0x00000000fff00000)
  to   space 2560K, 0% used [0x00000000ffa00000,0x00000000ffa00000,0x00000000ffc80000)
 ParOldGen       total 77824K, used 53129K [0x00000000d5600000, 0x00000000da200000, 0x00000000f1d00000)
  object space 77824K, 68% used [0x00000000d5600000,0x00000000d89e26e8,0x00000000da200000)
 Metaspace       used 12020K, capacity 12144K, committed 12288K, reserved 1060864K
  class space    used 1709K, capacity 1744K, committed 1792K, reserved 1048576K
Event: 7.935 GC heap after
Heap after GC invocations=28 (full 1):
 PSYoungGen      total 228864K, used 64K [0x00000000f1d00000, 0x0000000100000000, 0x0000000100000000)
  eden space 226304K, 0% used [0x00000000f1d00000,0x00000000f1d00000,0x00000000ffa00000)
  from space 2560K, 2% used [0x00000000ffa00000,0x00000000ffa10000,0x00000000ffc80000)
  to   space 2560K, 0% used [0x00000000ffd80000,0x00000000ffd80000,0x0000000100000000)
 ParOldGen       total 77824K, used 53129K [0x00000000d5600000, 0x00000000da200000, 0x00000000f1d00000)
  object space 77824K, 68% used [0x00000000d5600000,0x00000000d89e26e8,0x00000000da200000)
 Metaspace       used 12020K, capacity 12144K, committed 12288K, reserved 1060864K
  class space    used 1709K, capacity 1744K, committed 1792K, reserved 1048576K
}
Event: 8.107 GC heap before
{Heap before GC invocations=29 (full 1):
 PSYoungGen      total 228864K, used 226368K [0x00000000f1d00000, 0x0000000100000000, 0x0000000100000000)
  eden space 226304K, 100% used [0x00000000f1d00000,0x00000000ffa00000,0x00000000ffa00000)
  from space 2560K, 2% used [0x00000000ffa00000,0x00000000ffa10000,0x00000000ffc80000)
  to   space 2560K, 0% used [0x00000000ffd80000,0x00000000ffd80000,0x0000000100000000)
 ParOldGen       total 77824K, used 53129K [0x00000000d5600000, 0x00000000da200000, 0x00000000f1d00000)
  object space 77824K, 68% used [0x00000000d5600000,0x00000000d89e26e8,0x00000000da200000)
 Metaspace       used 12020K, capacity 12144K, committed 12288K, reserved 1060864K
  class space    used 1709K, capacity 1744K, committed 1792K, reserved 1048576K

